<?xml version="1.0" encoding="UTF-8"?>
<testng-results ignored="0" total="1" passed="1" failed="0" skipped="0">
  <reporter-output>
  </reporter-output>
  <suite started-at="2022-02-04T12:34:39 IST" name="Suite" finished-at="2022-02-04T12:35:09 IST" duration-ms="29665">
    <groups>
    </groups>
    <test started-at="2022-02-04T12:34:39 IST" name="Test" finished-at="2022-02-04T12:35:09 IST" duration-ms="29665">
      <class name="com.abc.accuWeather.UI.pages.weatherTest.WeatherTest">
        <test-method is-config="true" signature="readAllConfigurationPropertiesFile()[pri:0, instance:com.abc.accuWeather.UI.pages.weatherTest.WeatherTest@393671df]" started-at="2022-02-04T12:34:39 IST" name="readAllConfigurationPropertiesFile" finished-at="2022-02-04T12:34:39 IST" duration-ms="251" status="PASS">
          <reporter-output>
          </reporter-output>
        </test-method> <!-- readAllConfigurationPropertiesFile -->
        <test-method is-config="true" signature="setUp(java.lang.String)[pri:0, instance:com.abc.accuWeather.UI.pages.weatherTest.WeatherTest@393671df]" started-at="2022-02-04T12:34:39 IST" name="setUp" finished-at="2022-02-04T12:34:58 IST" duration-ms="18322" status="PASS">
          <params>
            <param index="0">
              <value>
                <![CDATA[chrome]]>
              </value>
            </param>
          </params>
          <reporter-output>
          </reporter-output>
        </test-method> <!-- setUp -->
        <test-method signature="getWeatherReport()[pri:0, instance:com.abc.accuWeather.UI.pages.weatherTest.WeatherTest@393671df]" started-at="2022-02-04T12:34:58 IST" name="getWeatherReport" finished-at="2022-02-04T12:35:08 IST" duration-ms="10120" status="PASS">
          <reporter-output>
          </reporter-output>
        </test-method> <!-- getWeatherReport -->
        <test-method is-config="true" signature="tearDown()[pri:0, instance:com.abc.accuWeather.UI.pages.weatherTest.WeatherTest@393671df]" started-at="2022-02-04T12:35:08 IST" name="tearDown" finished-at="2022-02-04T12:35:09 IST" duration-ms="1161" status="PASS">
          <reporter-output>
          </reporter-output>
        </test-method> <!-- tearDown -->
      </class> <!-- com.abc.accuWeather.UI.pages.weatherTest.WeatherTest -->
    </test> <!-- Test -->
  </suite> <!-- Suite -->
</testng-results>
