<?xml version="1.0" encoding="UTF-8"?>
<testng-results ignored="0" total="1" passed="1" failed="0" skipped="0">
  <reporter-output>
  </reporter-output>
  <suite started-at="2022-02-04T12:56:45 IST" name="Suite" finished-at="2022-02-04T12:57:32 IST" duration-ms="47221">
    <groups>
    </groups>
    <test started-at="2022-02-04T12:56:45 IST" name="Test" finished-at="2022-02-04T12:57:32 IST" duration-ms="47221">
      <class name="com.abc.accuWeather.UI.pages.weatherTest.WeatherTest">
        <test-method is-config="true" signature="readAllConfigurationPropertiesFile()[pri:0, instance:com.abc.accuWeather.UI.pages.weatherTest.WeatherTest@4e91d63f]" started-at="2022-02-04T12:56:45 IST" name="readAllConfigurationPropertiesFile" finished-at="2022-02-04T12:56:45 IST" duration-ms="183" status="PASS">
          <reporter-output>
          </reporter-output>
        </test-method> <!-- readAllConfigurationPropertiesFile -->
        <test-method is-config="true" signature="setUp(java.lang.String)[pri:0, instance:com.abc.accuWeather.UI.pages.weatherTest.WeatherTest@4e91d63f]" started-at="2022-02-04T12:56:45 IST" name="setUp" finished-at="2022-02-04T12:57:21 IST" duration-ms="35641" status="PASS">
          <params>
            <param index="0">
              <value>
                <![CDATA[chrome]]>
              </value>
            </param>
          </params>
          <reporter-output>
          </reporter-output>
        </test-method> <!-- setUp -->
        <test-method signature="getWeatherReport()[pri:0, instance:com.abc.accuWeather.UI.pages.weatherTest.WeatherTest@4e91d63f]" started-at="2022-02-04T12:57:21 IST" name="getWeatherReport" finished-at="2022-02-04T12:57:31 IST" duration-ms="10525" status="PASS">
          <reporter-output>
          </reporter-output>
        </test-method> <!-- getWeatherReport -->
        <test-method is-config="true" signature="tearDown()[pri:0, instance:com.abc.accuWeather.UI.pages.weatherTest.WeatherTest@4e91d63f]" started-at="2022-02-04T12:57:31 IST" name="tearDown" finished-at="2022-02-04T12:57:32 IST" duration-ms="1014" status="PASS">
          <reporter-output>
          </reporter-output>
        </test-method> <!-- tearDown -->
      </class> <!-- com.abc.accuWeather.UI.pages.weatherTest.WeatherTest -->
    </test> <!-- Test -->
  </suite> <!-- Suite -->
</testng-results>
